\BOOKMARK [1][-]{section.1}{Introducci\363n.}{}% 1
\BOOKMARK [1][-]{section.2}{An\341lisis exploratorio.}{}% 2
\BOOKMARK [1][-]{section.3}{Modelos de reducci\363n de dimensiones.}{}% 3
\BOOKMARK [2][-]{subsection.3.1}{An\341lisis de componentes principales \(PCA\)}{section.3}% 4
\BOOKMARK [3][-]{subsubsection.3.1.1}{Representaci\363n gr\341fica \(biplot\)}{subsection.3.1}% 5
\BOOKMARK [2][-]{subsection.3.2}{An\341lisis de factores}{section.3}% 6
\BOOKMARK [3][-]{subsubsection.3.2.1}{Interpretaci\363n}{subsection.3.2}% 7
\BOOKMARK [3][-]{subsubsection.3.2.2}{Representaci\363n gr\341fica \(biplot\)}{subsection.3.2}% 8
\BOOKMARK [1][-]{section.4}{An\341lisis por agrupaci\363n.}{}% 9
\BOOKMARK [2][-]{subsection.4.1}{Elecci\363n del n\372mero de clusters}{section.4}% 10
\BOOKMARK [2][-]{subsection.4.2}{Asignaci\363n de clusters}{section.4}% 11
\BOOKMARK [1][-]{section.5}{Modelos de clasificaci\363n.}{}% 12
\BOOKMARK [2][-]{subsection.5.1}{LDA}{section.5}% 13
\BOOKMARK [2][-]{subsection.5.2}{Multinomial}{section.5}% 14
\BOOKMARK [2][-]{subsection.5.3}{Validaci\363n cruzada con caret}{section.5}% 15
<<<<<<< Updated upstream
\BOOKMARK [1][-]{section.6}{Regresi\363n Multivariada}{}% 16
\BOOKMARK [2][-]{subsection.6.1}{MANOVA}{section.6}% 17
\BOOKMARK [2][-]{subsection.6.2}{Regresi\363n}{section.6}% 18
\BOOKMARK [1][-]{section.7}{Conclusiones.}{}% 19
=======
\BOOKMARK [1][-]{section.6}{Conclusiones.}{}% 16
>>>>>>> Stashed changes
