<<<<<<< HEAD
This is pdfTeX, Version 3.14159265-2.6-1.40.17 (TeX Live 2016/W32TeX) (preloaded format=pdflatex 2016.9.16)  6 JUN 2019 06:49
=======
<<<<<<< Updated upstream
<<<<<<< HEAD
This is pdfTeX, Version 3.14159265-2.6-1.40.17 (TeX Live 2016/W32TeX) (preloaded format=pdflatex 2016.9.16)  6 JUN 2019 03:54
=======
<<<<<<< Updated upstream
<<<<<<< HEAD
This is pdfTeX, Version 3.14159265-2.6-1.40.17 (TeX Live 2016/W32TeX) (preloaded format=pdflatex 2016.9.16)  6 JUN 2019 00:41
=======
<<<<<<< Updated upstream
<<<<<<< HEAD
This is pdfTeX, Version 3.14159265-2.6-1.40.17 (TeX Live 2016/W32TeX) (preloaded format=pdflatex 2016.9.16)  5 JUN 2019 23:10
=======
This is pdfTeX, Version 3.14159265-2.6-1.40.19 (TeX Live 2018/Debian) (preloaded format=pdflatex 2019.2.12)  5 JUN 2019 22:49
>>>>>>> 4bfea6c4a1331cb7784ff0da96dbbbb2f3d0c143
=======
This is pdfTeX, Version 3.14159265-2.6-1.40.19 (TeX Live 2018/Debian) (preloaded format=pdflatex 2019.2.12)  5 JUN 2019 23:13
>>>>>>> Stashed changes
>>>>>>> 32f29a96c9b9da24efe37d15a5c90148c5ad1a46
=======
This is pdfTeX, Version 3.14159265-2.6-1.40.19 (TeX Live 2018/Debian) (preloaded format=pdflatex 2019.2.12)  6 JUN 2019 00:19
>>>>>>> Stashed changes
>>>>>>> a6dae224afcdea58ae6408a746c4c153273dce9f
=======
This is pdfTeX, Version 3.14159265-2.6-1.40.19 (TeX Live 2018/Debian) (preloaded format=pdflatex 2019.2.12)  6 JUN 2019 05:10
>>>>>>> Stashed changes
>>>>>>> 02886994131200f8e184a07292735ceb66ac6c2d
entering extended mode
 restricted \write18 enabled.
 %&-line parsing enabled.
**"Proyecto Multivariado.tex"
(./Proyecto Multivariado.tex
LaTeX2e <2018-04-01> patch level 4
Babel <3.20> and hyphenation patterns for 8 language(s) loaded.
(/usr/share/texlive/texmf-dist/tex/latex/base/article.cls
Document Class: article 2014/09/29 v1.4h Standard LaTeX document class
(/usr/share/texlive/texmf-dist/tex/latex/base/size12.clo
File: size12.clo 2014/09/29 v1.4h Standard LaTeX file (size option)
)
\c@part=\count80
\c@section=\count81
\c@subsection=\count82
\c@subsubsection=\count83
\c@paragraph=\count84
\c@subparagraph=\count85
\c@figure=\count86
\c@table=\count87
\abovecaptionskip=\skip41
\belowcaptionskip=\skip42
\bibindent=\dimen102
)
(/usr/share/texlive/texmf-dist/tex/latex/hyperref/hyperref.sty
Package: hyperref 2018/02/06 v6.86b Hypertext links for LaTeX

(/usr/share/texlive/texmf-dist/tex/generic/oberdiek/hobsub-hyperref.sty
Package: hobsub-hyperref 2016/05/16 v1.14 Bundle oberdiek, subset hyperref (HO)


(/usr/share/texlive/texmf-dist/tex/generic/oberdiek/hobsub-generic.sty
Package: hobsub-generic 2016/05/16 v1.14 Bundle oberdiek, subset generic (HO)
Package: hobsub 2016/05/16 v1.14 Construct package bundles (HO)
Package: infwarerr 2016/05/16 v1.4 Providing info/warning/error messages (HO)
Package: ltxcmds 2016/05/16 v1.23 LaTeX kernel commands for general use (HO)
Package: ifluatex 2016/05/16 v1.4 Provides the ifluatex switch (HO)
Package ifluatex Info: LuaTeX not detected.
Package: ifvtex 2016/05/16 v1.6 Detect VTeX and its facilities (HO)
Package ifvtex Info: VTeX not detected.
Package: intcalc 2016/05/16 v1.2 Expandable calculations with integers (HO)
Package: ifpdf 2017/03/15 v3.2 Provides the ifpdf switch
Package: etexcmds 2016/05/16 v1.6 Avoid name clashes with e-TeX commands (HO)
Package etexcmds Info: Could not find \expanded.
(etexcmds)             That can mean that you are not using pdfTeX 1.50 or
(etexcmds)             that some package has redefined \expanded.
(etexcmds)             In the latter case, load this package earlier.
Package: kvsetkeys 2016/05/16 v1.17 Key value parser (HO)
Package: kvdefinekeys 2016/05/16 v1.4 Define keys (HO)
Package: pdftexcmds 2018/01/30 v0.27 Utility functions of pdfTeX for LuaTeX (HO
)
Package pdftexcmds Info: LuaTeX not detected.
Package pdftexcmds Info: \pdf@primitive is available.
Package pdftexcmds Info: \pdf@ifprimitive is available.
Package pdftexcmds Info: \pdfdraftmode found.
Package: pdfescape 2016/05/16 v1.14 Implements pdfTeX's escape features (HO)
Package: bigintcalc 2016/05/16 v1.4 Expandable calculations on big integers (HO
)
Package: bitset 2016/05/16 v1.2 Handle bit-vector datatype (HO)
Package: uniquecounter 2016/05/16 v1.3 Provide unlimited unique counter (HO)
)
Package hobsub Info: Skipping package `hobsub' (already loaded).
Package: letltxmacro 2016/05/16 v1.5 Let assignment for LaTeX macros (HO)
Package: hopatch 2016/05/16 v1.3 Wrapper for package hooks (HO)
Package: xcolor-patch 2016/05/16 xcolor patch
Package: atveryend 2016/05/16 v1.9 Hooks at the very end of document (HO)
Package atveryend Info: \enddocument detected (standard20110627).
Package: atbegshi 2016/06/09 v1.18 At begin shipout hook (HO)
Package: refcount 2016/05/16 v3.5 Data extraction from label references (HO)
Package: hycolor 2016/05/16 v1.8 Color options for hyperref/bookmark (HO)
)
(/usr/share/texlive/texmf-dist/tex/latex/graphics/keyval.sty
Package: keyval 2014/10/28 v1.15 key=value parser (DPC)
\KV@toks@=\toks14
)
(/usr/share/texlive/texmf-dist/tex/generic/ifxetex/ifxetex.sty
Package: ifxetex 2010/09/12 v0.6 Provides ifxetex conditional
)
(/usr/share/texlive/texmf-dist/tex/latex/oberdiek/auxhook.sty
Package: auxhook 2016/05/16 v1.4 Hooks for auxiliary files (HO)
)
(/usr/share/texlive/texmf-dist/tex/latex/oberdiek/kvoptions.sty
Package: kvoptions 2016/05/16 v3.12 Key value format for package options (HO)
)
\@linkdim=\dimen103
\Hy@linkcounter=\count88
\Hy@pagecounter=\count89

(/usr/share/texlive/texmf-dist/tex/latex/hyperref/pd1enc.def
File: pd1enc.def 2018/02/06 v6.86b Hyperref: PDFDocEncoding definition (HO)
Now handling font encoding PD1 ...
... no UTF-8 mapping file for font encoding PD1
)
\Hy@SavedSpaceFactor=\count90

(/usr/share/texlive/texmf-dist/tex/latex/latexconfig/hyperref.cfg
File: hyperref.cfg 2002/06/06 v1.2 hyperref configuration of TeXLive
)
Package hyperref Info: Option `colorlinks' set `true' on input line 4383.


Package hyperref Warning: Option `pagecolor' is not available anymore.

Package hyperref Info: Hyper figures OFF on input line 4509.
Package hyperref Info: Link nesting OFF on input line 4514.
Package hyperref Info: Hyper index ON on input line 4517.
Package hyperref Info: Plain pages OFF on input line 4524.
Package hyperref Info: Backreferencing OFF on input line 4529.
Package hyperref Info: Implicit mode ON; LaTeX internals redefined.
Package hyperref Info: Bookmarks ON on input line 4762.
\c@Hy@tempcnt=\count91
(/usr/share/texlive/texmf-dist/tex/latex/url/url.sty
\Urlmuskip=\muskip10
Package: url 2013/09/16  ver 3.4  Verb mode for urls, etc.
)
LaTeX Info: Redefining \url on input line 5115.
\XeTeXLinkMargin=\dimen104
\Fld@menulength=\count92
\Field@Width=\dimen105
\Fld@charsize=\dimen106
Package hyperref Info: Hyper figures OFF on input line 6369.
Package hyperref Info: Link nesting OFF on input line 6374.
Package hyperref Info: Hyper index ON on input line 6377.
Package hyperref Info: backreferencing OFF on input line 6384.
Package hyperref Info: Link coloring ON on input line 6387.
Package hyperref Info: Link coloring with OCG OFF on input line 6394.
Package hyperref Info: PDF/A mode OFF on input line 6399.
LaTeX Info: Redefining \ref on input line 6439.
LaTeX Info: Redefining \pageref on input line 6443.
\Hy@abspage=\count93
\c@Item=\count94
\c@Hfootnote=\count95
)
Package hyperref Info: Driver (autodetected): hpdftex.

(/usr/share/texlive/texmf-dist/tex/latex/hyperref/hpdftex.def
File: hpdftex.def 2018/02/06 v6.86b Hyperref driver for pdfTeX
\Fld@listcount=\count96
\c@bookmark@seq@number=\count97

(/usr/share/texlive/texmf-dist/tex/latex/oberdiek/rerunfilecheck.sty
Package: rerunfilecheck 2016/05/16 v1.8 Rerun checks for auxiliary files (HO)
Package uniquecounter Info: New unique counter `rerunfilecheck' on input line 2
82.
)
\Hy@SectionHShift=\skip43
)
(/usr/share/texlive/texmf-dist/tex/latex/glossaries/base/glossaries.sty
Package: glossaries 2018/04/07 v4.37 (NLCT)

(/usr/share/texlive/texmf-dist/tex/latex/base/ifthen.sty
Package: ifthen 2014/09/29 v1.1c Standard LaTeX ifthen package (DPC)
)
(/usr/share/texlive/texmf-dist/tex/latex/xkeyval/xkeyval.sty
Package: xkeyval 2014/12/03 v2.7a package option processing (HA)

(/usr/share/texlive/texmf-dist/tex/generic/xkeyval/xkeyval.tex
(/usr/share/texlive/texmf-dist/tex/generic/xkeyval/xkvutils.tex
\XKV@toks=\toks15
\XKV@tempa@toks=\toks16
)
\XKV@depth=\count98
File: xkeyval.tex 2014/12/03 v2.7a key=value parser (HA)
))
(/usr/share/texlive/texmf-dist/tex/latex/mfirstuc/mfirstuc.sty
Package: mfirstuc 2017/11/14 v2.06 (NLCT)

(/usr/share/texlive/texmf-dist/tex/latex/etoolbox/etoolbox.sty
Package: etoolbox 2018/02/11 v2.5e e-TeX tools for LaTeX (JAW)
\etb@tempcnta=\count99
)
\@glsmfirst=\toks17
\@glsmrest=\toks18
)
(/usr/share/texlive/texmf-dist/tex/latex/textcase/textcase.sty
Package: textcase 2004/10/07 v0.07 Text only upper/lower case changing (DPC)
)
(/usr/share/texlive/texmf-dist/tex/latex/xfor/xfor.sty
Package: xfor 2009/02/05 v1.05 (NLCT)
)
(/usr/share/texlive/texmf-dist/tex/latex/datatool/datatool-base.sty
Package: datatool-base 2018/04/16 v2.30 (NLCT)

(/usr/share/texlive/texmf-dist/tex/latex/amsmath/amsmath.sty
Package: amsmath 2017/09/02 v2.17a AMS math features
\@mathmargin=\skip44

For additional information on amsmath, use the `?' option.
(/usr/share/texlive/texmf-dist/tex/latex/amsmath/amstext.sty
Package: amstext 2000/06/29 v2.01 AMS text

(/usr/share/texlive/texmf-dist/tex/latex/amsmath/amsgen.sty
File: amsgen.sty 1999/11/30 v2.0 generic functions
\@emptytoks=\toks19
\ex@=\dimen107
))
(/usr/share/texlive/texmf-dist/tex/latex/amsmath/amsbsy.sty
Package: amsbsy 1999/11/29 v1.2d Bold Symbols
\pmbraise@=\dimen108
)
(/usr/share/texlive/texmf-dist/tex/latex/amsmath/amsopn.sty
Package: amsopn 2016/03/08 v2.02 operator names
)
\inf@bad=\count100
LaTeX Info: Redefining \frac on input line 213.
\uproot@=\count101
\leftroot@=\count102
LaTeX Info: Redefining \overline on input line 375.
\classnum@=\count103
\DOTSCASE@=\count104
LaTeX Info: Redefining \ldots on input line 472.
LaTeX Info: Redefining \dots on input line 475.
LaTeX Info: Redefining \cdots on input line 596.
\Mathstrutbox@=\box26
\strutbox@=\box27
\big@size=\dimen109
LaTeX Font Info:    Redeclaring font encoding OML on input line 712.
LaTeX Font Info:    Redeclaring font encoding OMS on input line 713.
\macc@depth=\count105
\c@MaxMatrixCols=\count106
\dotsspace@=\muskip11
\c@parentequation=\count107
\dspbrk@lvl=\count108
\tag@help=\toks20
\row@=\count109
\column@=\count110
\maxfields@=\count111
\andhelp@=\toks21
\eqnshift@=\dimen110
\alignsep@=\dimen111
\tagshift@=\dimen112
\tagwidth@=\dimen113
\totwidth@=\dimen114
\lineht@=\dimen115
\@envbody=\toks22
\multlinegap=\skip45
\multlinetaggap=\skip46
\mathdisplay@stack=\toks23
LaTeX Info: Redefining \[ on input line 2817.
LaTeX Info: Redefining \] on input line 2818.
)
(/usr/share/texlive/texmf-dist/tex/latex/substr/substr.sty
Package: substr 2009/10/20 v1.2 Handle substrings
\c@su@anzahl=\count112
)
(/usr/share/texlive/texmf-dist/tex/latex/datatool/datatool-fp.sty
Package: datatool-fp 2018/04/16 v2.30 (NLCT)

(/usr/share/texlive/texmf-dist/tex/latex/fp/fp.sty
Package: fp 1995/04/02

`Fixed Point Package', Version 0.8, April 2, 1995 (C) Michael Mehlich
(/usr/share/texlive/texmf-dist/tex/latex/fp/defpattern.sty
Package: defpattern 1994/10/12
\actioncount=\count113
)
(/usr/share/texlive/texmf-dist/tex/latex/fp/fp-basic.sty
Package: fp-basic 1996/05/13
\FP@xs=\count114
\FP@xia=\count115
\FP@xib=\count116
\FP@xfa=\count117
\FP@xfb=\count118
\FP@rega=\count119
\FP@regb=\count120
\FP@regs=\count121
\FP@times=\count122
)
(/usr/share/texlive/texmf-dist/tex/latex/fp/fp-addons.sty
Package: fp-addons 1995/03/15
)
(/usr/share/texlive/texmf-dist/tex/latex/fp/fp-snap.sty
Package: fp-snap 1995/04/05
)
(/usr/share/texlive/texmf-dist/tex/latex/fp/fp-exp.sty
Package: fp-exp 1995/04/03
)
(/usr/share/texlive/texmf-dist/tex/latex/fp/fp-trigo.sty
Package: fp-trigo 1995/04/14
)
(/usr/share/texlive/texmf-dist/tex/latex/fp/fp-pas.sty
Package: fp-pas 1994/08/29
)
(/usr/share/texlive/texmf-dist/tex/latex/fp/fp-random.sty
Package: fp-random 1995/02/23
\FPseed=\count123
)
(/usr/share/texlive/texmf-dist/tex/latex/fp/fp-eqn.sty
Package: fp-eqn 1995/04/03
)
(/usr/share/texlive/texmf-dist/tex/latex/fp/fp-upn.sty
Package: fp-upn 1996/10/21
)
(/usr/share/texlive/texmf-dist/tex/latex/fp/fp-eval.sty
Package: fp-eval 1995/04/03
)))
\@dtl@toks=\toks24
\@dtl@tmpcount=\count124
\dtl@tmplength=\skip47
\dtl@sortresult=\count125
\@dtl@numgrpsepcount=\count126
\@dtl@datatype=\count127
\dtl@codeA=\count128
\dtl@codeB=\count129
\@dtl@foreach@level=\count130
)
(/usr/share/texlive/texmf-dist/tex/latex/glossaries/base/glossaries-compatible-
307.sty
Package: glossaries-compatible-307 2018/04/07 v4.37 (NLCT)
)
\gls@level=\count131
\@gls@tmpb=\toks25
\gls@tmplen=\skip48
\glskeylisttok=\toks26
\glslabeltok=\toks27
\glsshorttok=\toks28
\glslongtok=\toks29

(/usr/share/texlive/texmf-dist/tex/latex/glossaries/styles/glossary-hypernav.st
y
Package: glossary-hypernav 2018/04/07 v4.37 (NLCT)
) (/usr/share/texlive/texmf-dist/tex/latex/glossaries/styles/glossary-list.sty
Package: glossary-list 2018/04/07 v4.37 (NLCT)
\glslistdottedwidth=\skip49
) (/usr/share/texlive/texmf-dist/tex/latex/glossaries/styles/glossary-long.sty
Package: glossary-long 2018/04/07 v4.37 (NLCT)

(/usr/share/texlive/texmf-dist/tex/latex/tools/longtable.sty
Package: longtable 2014/10/28 v4.11 Multi-page Table package (DPC)
\LTleft=\skip50
\LTright=\skip51
\LTpre=\skip52
\LTpost=\skip53
\LTchunksize=\count132
\LTcapwidth=\dimen116
\LT@head=\box28
\LT@firsthead=\box29
\LT@foot=\box30
\LT@lastfoot=\box31
\LT@cols=\count133
\LT@rows=\count134
\c@LT@tables=\count135
\c@LT@chunks=\count136
\LT@p@ftn=\toks30
)
\glsdescwidth=\skip54
\glspagelistwidth=\skip55
)
(/usr/share/texlive/texmf-dist/tex/latex/glossaries/styles/glossary-super.sty
Package: glossary-super 2018/04/07 v4.37 (NLCT)

(/usr/share/texlive/texmf-dist/tex/latex/supertabular/supertabular.sty
Package: supertabular 2004/02/20 v4.1e the supertabular environment
\c@tracingst=\count137
\ST@wd=\dimen117
\ST@rightskip=\skip56
\ST@leftskip=\skip57
\ST@parfillskip=\skip58
\ST@pageleft=\dimen118
\ST@headht=\dimen119
\ST@tailht=\dimen120
\ST@pagesofar=\dimen121
\ST@pboxht=\dimen122
\ST@lineht=\dimen123
\ST@stretchht=\dimen124
\ST@prevht=\dimen125
\ST@toadd=\dimen126
\ST@dimen=\dimen127
\ST@pbox=\box32
))
(/usr/share/texlive/texmf-dist/tex/latex/glossaries/styles/glossary-tree.sty
Package: glossary-tree 2018/04/07 v4.37 (NLCT)
\glstreeindent=\skip59
))
(/usr/share/texlive/texmf-dist/tex/latex/base/inputenc.sty
Package: inputenc 2018/04/06 v1.3b Input encoding file
\inpenc@prehook=\toks31
\inpenc@posthook=\toks32
)
(/usr/share/texlive/texmf-dist/tex/generic/babel/babel.sty
Package: babel 2018/05/02 3.20 The Babel package

(/usr/share/texlive/texmf-dist/tex/generic/babel/switch.def
File: switch.def 2018/05/02 3.20 Babel switching mechanism
)
(/usr/share/texlive/texmf-dist/tex/generic/babel-spanish/spanish.ldf
Language: spanish.ldf 2016/03/03 v5.0p Spanish support from the babel system

(/usr/share/texlive/texmf-dist/tex/generic/babel/babel.def
File: babel.def 2018/05/02 3.20 Babel common definitions
\babel@savecnt=\count138
\U@D=\dimen128

(/usr/share/texlive/texmf-dist/tex/generic/babel/txtbabel.def)
\bbl@dirlevel=\count139
)
\es@quottoks=\toks33
\es@quotdepth=\count140
Package babel Info: Making " an active character on input line 561.
))
(/usr/share/texlive/texmf-dist/tex/latex/base/fontenc.sty
Package: fontenc 2017/04/05 v2.0i Standard LaTeX package

(/usr/share/texlive/texmf-dist/tex/latex/base/t1enc.def
File: t1enc.def 2017/04/05 v2.0i Standard LaTeX file
LaTeX Font Info:    Redeclaring font encoding T1 on input line 48.
))
(/usr/share/texlive/texmf-dist/tex/latex/amsfonts/amssymb.sty
Package: amssymb 2013/01/14 v3.01 AMS font symbols

(/usr/share/texlive/texmf-dist/tex/latex/amsfonts/amsfonts.sty
Package: amsfonts 2013/01/14 v3.01 Basic AMSFonts support
\symAMSa=\mathgroup4
\symAMSb=\mathgroup5
LaTeX Font Info:    Overwriting math alphabet `\mathfrak' in version `bold'
(Font)                  U/euf/m/n --> U/euf/b/n on input line 106.
))
(/usr/share/texlive/texmf-dist/tex/latex/mathtools/mathtools.sty
Package: mathtools 2018/01/08 v1.21 mathematical typesetting tools

(/usr/share/texlive/texmf-dist/tex/latex/tools/calc.sty
Package: calc 2017/05/25 v4.3 Infix arithmetic (KKT,FJ)
\calc@Acount=\count141
\calc@Bcount=\count142
\calc@Adimen=\dimen129
\calc@Bdimen=\dimen130
\calc@Askip=\skip60
\calc@Bskip=\skip61
LaTeX Info: Redefining \setlength on input line 80.
LaTeX Info: Redefining \addtolength on input line 81.
\calc@Ccount=\count143
\calc@Cskip=\skip62
)
(/usr/share/texlive/texmf-dist/tex/latex/mathtools/mhsetup.sty
Package: mhsetup 2017/03/31 v1.3 programming setup (MH)
)
LaTeX Info: Thecontrolsequence`\('isalreadyrobust on input line 129.
LaTeX Info: Thecontrolsequence`\)'isalreadyrobust on input line 129.
LaTeX Info: Thecontrolsequence`\['isalreadyrobust on input line 129.
LaTeX Info: Thecontrolsequence`\]'isalreadyrobust on input line 129.
\g_MT_multlinerow_int=\count144
\l_MT_multwidth_dim=\dimen131
\origjot=\skip63
\l_MT_shortvdotswithinadjustabove_dim=\dimen132
\l_MT_shortvdotswithinadjustbelow_dim=\dimen133
\l_MT_above_intertext_sep=\dimen134
\l_MT_below_intertext_sep=\dimen135
\l_MT_above_shortintertext_sep=\dimen136
\l_MT_below_shortintertext_sep=\dimen137
)
(/usr/share/texlive/texmf-dist/tex/latex/graphics/color.sty
Package: color 2016/07/10 v1.1e Standard LaTeX Color (DPC)

(/usr/share/texlive/texmf-dist/tex/latex/graphics-cfg/color.cfg
File: color.cfg 2016/01/02 v1.6 sample color configuration
)
Package color Info: Driver file: pdftex.def on input line 147.

(/usr/share/texlive/texmf-dist/tex/latex/graphics-def/pdftex.def
File: pdftex.def 2018/01/08 v1.0l Graphics/color driver for pdftex
))
(/usr/share/texlive/texmf-dist/tex/latex/float/float.sty
Package: float 2001/11/08 v1.3d Float enhancements (AL)
\c@float@type=\count145
\float@exts=\toks34
\float@box=\box33
\@float@everytoks=\toks35
\@floatcapt=\box34
)
(/usr/share/texlive/texmf-dist/tex/latex/graphics/graphicx.sty
Package: graphicx 2017/06/01 v1.1a Enhanced LaTeX Graphics (DPC,SPQR)

(/usr/share/texlive/texmf-dist/tex/latex/graphics/graphics.sty
Package: graphics 2017/06/25 v1.2c Standard LaTeX Graphics (DPC,SPQR)

(/usr/share/texlive/texmf-dist/tex/latex/graphics/trig.sty
Package: trig 2016/01/03 v1.10 sin cos tan (DPC)
)
(/usr/share/texlive/texmf-dist/tex/latex/graphics-cfg/graphics.cfg
File: graphics.cfg 2016/06/04 v1.11 sample graphics configuration
)
Package graphics Info: Driver file: pdftex.def on input line 99.
)
\Gin@req@height=\dimen138
\Gin@req@width=\dimen139
)
(/usr/share/texlive/texmf-dist/tex/latex/cite/cite.sty
LaTeX Info: Redefining \cite on input line 302.
LaTeX Info: Redefining \nocite on input line 332.
Package: cite 2015/02/27  v 5.5
)
(/usr/share/texlive/texmf-dist/tex/latex/tools/multicol.sty
Package: multicol 2018/04/20 v1.8s multicolumn formatting (FMi)
\c@tracingmulticols=\count146
\mult@box=\box35
\multicol@leftmargin=\dimen140
\c@unbalance=\count147
\c@collectmore=\count148
\doublecol@number=\count149
\multicoltolerance=\count150
\multicolpretolerance=\count151
\full@width=\dimen141
\page@free=\dimen142
\premulticols=\dimen143
\postmulticols=\dimen144
\multicolsep=\skip64
\multicolbaselineskip=\skip65
\partial@page=\box36
\last@line=\box37
\maxbalancingoverflow=\dimen145
\mult@rightbox=\box38
\mult@grightbox=\box39
\mult@gfirstbox=\box40
\mult@firstbox=\box41
\@tempa=\box42
\@tempa=\box43
\@tempa=\box44
\@tempa=\box45
\@tempa=\box46
\@tempa=\box47
\@tempa=\box48
\@tempa=\box49
\@tempa=\box50
\@tempa=\box51
\@tempa=\box52
\@tempa=\box53
\@tempa=\box54
\@tempa=\box55
\@tempa=\box56
\@tempa=\box57
\@tempa=\box58
\c@columnbadness=\count152
\c@finalcolumnbadness=\count153
\last@try=\dimen146
\multicolovershoot=\dimen147
\multicolundershoot=\dimen148
\mult@nat@firstbox=\box59
\colbreak@box=\box60
\mc@col@check@num=\count154
)
(/usr/share/texlive/texmf-dist/tex/latex/multirow/multirow.sty
Package: multirow 2016/11/25 v2.2 Span multiple rows of a table
\multirow@colwidth=\skip66
\multirow@cntb=\count155
\multirow@dima=\skip67
\bigstrutjot=\dimen149
)
(/usr/share/texlive/texmf-dist/tex/latex/tools/bm.sty
Package: bm 2017/01/16 v1.2c Bold Symbol Support (DPC/FMi)
\symboldoperators=\mathgroup6
\symboldletters=\mathgroup7
\symboldsymbols=\mathgroup8
LaTeX Font Info:    Redeclaring math alphabet \mathbf on input line 141.
LaTeX Info: Redefining \bm on input line 207.
)
(/usr/share/texlive/texmf-dist/tex/latex/bbm-macros/bbm.sty
Package: bbm 1999/03/15 V 1.2 provides fonts for set symbols - TH
LaTeX Font Info:    Overwriting math alphabet `\mathbbm' in version `bold'
(Font)                  U/bbm/m/n --> U/bbm/bx/n on input line 33.
LaTeX Font Info:    Overwriting math alphabet `\mathbbmss' in version `bold'
(Font)                  U/bbmss/m/n --> U/bbmss/bx/n on input line 35.
)
(/usr/share/texlive/texmf-dist/tex/latex/geometry/geometry.sty
Package: geometry 2018/03/24 v5.7 Page Geometry
\Gm@cnth=\count156
\Gm@cntv=\count157
\c@Gm@tempcnt=\count158
\Gm@bindingoffset=\dimen150
\Gm@wd@mp=\dimen151
\Gm@odd@mp=\dimen152
\Gm@even@mp=\dimen153
\Gm@layoutwidth=\dimen154
\Gm@layoutheight=\dimen155
\Gm@layouthoffset=\dimen156
\Gm@layoutvoffset=\dimen157
\Gm@dimlist=\toks36
)
\@indexfile=\write3
\openout3 = `"Proyecto Multivariado.idx"'.


Writing index file "Proyecto Multivariado".idx
(./Proyecto Multivariado.aux
LaTeX Info: Redefining \. on input line 22.
LaTeX Info: Redefining \% on input line 22.
)
\openout1 = `"Proyecto Multivariado.aux"'.

LaTeX Font Info:    Checking defaults for OML/cmm/m/it on input line 39.
LaTeX Font Info:    ... okay on input line 39.
LaTeX Font Info:    Checking defaults for T1/cmr/m/n on input line 39.
LaTeX Font Info:    ... okay on input line 39.
LaTeX Font Info:    Checking defaults for OT1/cmr/m/n on input line 39.
LaTeX Font Info:    ... okay on input line 39.
LaTeX Font Info:    Checking defaults for OMS/cmsy/m/n on input line 39.
LaTeX Font Info:    ... okay on input line 39.
LaTeX Font Info:    Checking defaults for OMX/cmex/m/n on input line 39.
LaTeX Font Info:    ... okay on input line 39.
LaTeX Font Info:    Checking defaults for U/cmr/m/n on input line 39.
LaTeX Font Info:    ... okay on input line 39.
LaTeX Font Info:    Checking defaults for PD1/pdf/m/n on input line 39.
LaTeX Font Info:    ... okay on input line 39.
\AtBeginShipoutBox=\box61
Package hyperref Info: Link coloring ON on input line 39.

(/usr/share/texlive/texmf-dist/tex/latex/hyperref/nameref.sty
Package: nameref 2016/05/21 v2.44 Cross-referencing by name of section

(/usr/share/texlive/texmf-dist/tex/generic/oberdiek/gettitlestring.sty
Package: gettitlestring 2016/05/16 v1.5 Cleanup title references (HO)
)
\c@section@level=\count159
)
LaTeX Info: Redefining \ref on input line 39.
LaTeX Info: Redefining \pageref on input line 39.
LaTeX Info: Redefining \nameref on input line 39.

(./Proyecto Multivariado.out) (./Proyecto Multivariado.out)
\@outlinefile=\write4
\openout4 = `"Proyecto Multivariado.out"'.

LaTeX Info: Redefining \. on input line 39.
LaTeX Info: Redefining \% on input line 39.

(/usr/share/texlive/texmf-dist/tex/context/base/mkii/supp-pdf.mkii
[Loading MPS to PDF converter (version 2006.09.02).]
\scratchcounter=\count160
\scratchdimen=\dimen158
\scratchbox=\box62
\nofMPsegments=\count161
\nofMParguments=\count162
\everyMPshowfont=\toks37
\MPscratchCnt=\count163
\MPscratchDim=\dimen159
\MPnumerator=\count164
\makeMPintoPDFobject=\count165
\everyMPtoPDFconversion=\toks38
) (/usr/share/texlive/texmf-dist/tex/latex/oberdiek/epstopdf-base.sty
Package: epstopdf-base 2016/05/15 v2.6 Base part for package epstopdf

(/usr/share/texlive/texmf-dist/tex/latex/oberdiek/grfext.sty
Package: grfext 2016/05/16 v1.2 Manage graphics extensions (HO)
)
Package epstopdf-base Info: Redefining graphics rule for `.eps' on input line 4
38.
Package grfext Info: Graphics extension search list:
(grfext)             [.pdf,.png,.jpg,.mps,.jpeg,.jbig2,.jb2,.PDF,.PNG,.JPG,.JPE
G,.JBIG2,.JB2,.eps]
(grfext)             \AppendGraphicsExtensions on input line 456.

(/usr/share/texlive/texmf-dist/tex/latex/latexconfig/epstopdf-sys.cfg
File: epstopdf-sys.cfg 2010/07/13 v1.3 Configuration of (r)epstopdf for TeX Liv
e
))
*geometry* driver: auto-detecting
*geometry* detected driver: pdftex
*geometry* verbose mode - [ preamble ] result:
* driver: pdftex
* paper: letterpaper
* layout: <same size as paper>
* layoutoffset:(h,v)=(0.0pt,0.0pt)
* modes: 
* h-part:(L,W,R)=(71.13188pt, 472.03123pt, 71.13188pt)
* v-part:(T,H,B)=(71.13188pt, 652.70622pt, 71.13188pt)
* \paperwidth=614.295pt
* \paperheight=794.96999pt
* \textwidth=472.03123pt
* \textheight=652.70622pt
* \oddsidemargin=-1.1381pt
* \evensidemargin=-1.1381pt
* \topmargin=-38.1381pt
* \headheight=12.0pt
* \headsep=25.0pt
* \topskip=12.0pt
* \footskip=30.0pt
* \marginparwidth=44.0pt
* \marginparsep=10.0pt
* \columnsep=10.0pt
* \skip\footins=10.8pt plus 4.0pt minus 2.0pt
* \hoffset=0.0pt
* \voffset=0.0pt
* \mag=1000
* \@twocolumnfalse
* \@twosidefalse
* \@mparswitchfalse
* \@reversemarginfalse
* (1in=72.27pt=25.4mm, 1cm=28.453pt)

<<<<<<< HEAD
<cimat.png, id=68, 180.675pt x 180.675pt>
=======
<cimat.png, id=56, 180.675pt x 180.675pt>
>>>>>>> 02886994131200f8e184a07292735ceb66ac6c2d
File: cimat.png Graphic file (type png)
<use cimat.png>
Package pdftex.def Info: cimat.png  used on input line 49.
(pdftex.def)             Requested size: 113.81206pt x 113.81206pt.

Overfull \hbox (19.40726pt too wide) in paragraph at lines 49--50
 [] 
 []

LaTeX Font Info:    Try loading font information for U+msa on input line 51.
(/usr/share/texlive/texmf-dist/tex/latex/amsfonts/umsa.fd
File: umsa.fd 2013/01/14 v3.01 AMS symbols A
)
LaTeX Font Info:    Try loading font information for U+msb on input line 51.

(/usr/share/texlive/texmf-dist/tex/latex/amsfonts/umsb.fd
File: umsb.fd 2013/01/14 v3.01 AMS symbols B
)
Underfull \hbox (badness 2088) in paragraph at lines 57--60
|  []
 []


Overfull \hbox (16.83684pt too wide) in paragraph at lines 47--64
[]$[]$ $[]$ 
 []

<<<<<<< HEAD
<mty.png, id=69, 284.7438pt x 275.5896pt>
=======
<mty.png, id=57, 284.7438pt x 275.5896pt>
>>>>>>> 02886994131200f8e184a07292735ceb66ac6c2d
File: mty.png Graphic file (type png)
<use mty.png>
Package pdftex.def Info: mty.png  used on input line 71.
(pdftex.def)             Requested size: 132.29153pt x 128.0374pt.

Overfull \hbox (37.88673pt too wide) in paragraph at lines 71--72
 [][] 
 []

[1

{/var/lib/texmf/fonts/map/pdftex/updmap/pdftex.map} <./cimat.png> <./mty.png>] 
(./Proyecto Multivariado.toc
LaTeX Info: Redefining \. on input line 1.
LaTeX Info: Redefining \% on input line 1.
)
\tf@toc=\write5
\openout5 = `"Proyecto Multivariado.toc"'.

 [2]
Underfull \hbox (badness 10000) in paragraph at lines 108--109

 []


Underfull \hbox (badness 10000) in paragraph at lines 110--111

 []


Underfull \hbox (badness 10000) in paragraph at lines 112--113

 []


Underfull \hbox (badness 10000) in paragraph at lines 114--115

 []


Underfull \hbox (badness 10000) in paragraph at lines 116--117

 []


Underfull \hbox (badness 10000) in paragraph at lines 118--119

 []

LaTeX Font Info:    Try loading font information for T1+cmtt on input line 121.

(/usr/share/texlive/texmf-dist/tex/latex/base/t1cmtt.fd
File: t1cmtt.fd 2014/09/29 v2.5h Standard LaTeX font definitions
) [3

]
Underfull \hbox (badness 10000) in paragraph at lines 139--140

 []

<<<<<<< HEAD
<images/marca.png, id=111, 383.93437pt x 237.13594pt>
=======
<images/marca.png, id=96, 383.93437pt x 237.13594pt>
>>>>>>> 02886994131200f8e184a07292735ceb66ac6c2d
File: images/marca.png Graphic file (type png)
<use images/marca.png>
Package pdftex.def Info: images/marca.png  used on input line 143.
(pdftex.def)             Requested size: 383.93343pt x 237.13535pt.

LaTeX Warning: `h' float specifier changed to `ht'.


Underfull \hbox (badness 10000) in paragraph at lines 148--149

 []

<<<<<<< HEAD
<images/ident.png, id=113, 383.93437pt x 237.13594pt>
=======
<images/ident.png, id=98, 383.93437pt x 237.13594pt>
>>>>>>> 02886994131200f8e184a07292735ceb66ac6c2d
File: images/ident.png Graphic file (type png)
<use images/ident.png>
Package pdftex.def Info: images/ident.png  used on input line 152.
(pdftex.def)             Requested size: 383.93343pt x 237.13535pt.

LaTeX Warning: `h' float specifier changed to `ht'.


Underfull \hbox (badness 10000) in paragraph at lines 157--158

 []


Underfull \hbox (badness 10000) in paragraph at lines 159--160

 []

[4]
Underfull \hbox (badness 10000) in paragraph at lines 161--162

 []


Underfull \hbox (badness 10000) in paragraph at lines 163--164

 []

<<<<<<< HEAD
<images/humed.png, id=120, 383.93437pt x 237.13594pt>
=======
<images/humed.png, id=105, 383.93437pt x 237.13594pt>
>>>>>>> 02886994131200f8e184a07292735ceb66ac6c2d
File: images/humed.png Graphic file (type png)
<use images/humed.png>
Package pdftex.def Info: images/humed.png  used on input line 167.
(pdftex.def)             Requested size: 383.93343pt x 237.13535pt.

LaTeX Warning: `h' float specifier changed to `ht'.


Underfull \hbox (badness 10000) in paragraph at lines 172--173

 []

<<<<<<< HEAD
<images/prote.png, id=122, 383.93437pt x 237.13594pt>
=======
<images/prote.png, id=107, 383.93437pt x 237.13594pt>
>>>>>>> 02886994131200f8e184a07292735ceb66ac6c2d
File: images/prote.png Graphic file (type png)
<use images/prote.png>
Package pdftex.def Info: images/prote.png  used on input line 176.
(pdftex.def)             Requested size: 383.93343pt x 237.13535pt.

LaTeX Warning: `h' float specifier changed to `ht'.


Underfull \hbox (badness 10000) in paragraph at lines 181--182

 []

<<<<<<< HEAD
<images/grasa.png, id=124, 383.93437pt x 237.13594pt>
=======
<images/grasa.png, id=109, 383.93437pt x 237.13594pt>
>>>>>>> 02886994131200f8e184a07292735ceb66ac6c2d
File: images/grasa.png Graphic file (type png)
<use images/grasa.png>
Package pdftex.def Info: images/grasa.png  used on input line 185.
(pdftex.def)             Requested size: 383.93343pt x 237.13535pt.

LaTeX Warning: `h' float specifier changed to `ht'.


Underfull \hbox (badness 10000) in paragraph at lines 190--191

 []

[5pdfTeX warning (ext4): destination with the same identifier (name{figure.1}) 
has been already used, duplicate ignored

\AtBegShi@Output ...ipout \box \AtBeginShipoutBox 
                                                  \fi \fi 
l.191 
       <./images/marca.png>]
<<<<<<< HEAD
<images/ceniz.png, id=135, 383.93437pt x 237.13594pt>
=======
<images/ceniz.png, id=120, 383.93437pt x 237.13594pt>
>>>>>>> 02886994131200f8e184a07292735ceb66ac6c2d
File: images/ceniz.png Graphic file (type png)
<use images/ceniz.png>
Package pdftex.def Info: images/ceniz.png  used on input line 194.
(pdftex.def)             Requested size: 383.93343pt x 237.13535pt.


LaTeX Warning: `h' float specifier changed to `ht'.


Underfull \hbox (badness 10000) in paragraph at lines 199--200

 []

<<<<<<< HEAD
<images/sodio.png, id=137, 383.93437pt x 237.13594pt>
=======
<images/sodio.png, id=122, 383.93437pt x 237.13594pt>
>>>>>>> 02886994131200f8e184a07292735ceb66ac6c2d
File: images/sodio.png Graphic file (type png)
<use images/sodio.png>
Package pdftex.def Info: images/sodio.png  used on input line 205.
(pdftex.def)             Requested size: 383.93343pt x 237.13535pt.

LaTeX Warning: `h' float specifier changed to `ht'.


Underfull \hbox (badness 10000) in paragraph at lines 210--211

 []

<<<<<<< HEAD
<images/carbo.png, id=139, 383.93437pt x 237.13594pt>
=======
<images/carbo.png, id=124, 383.93437pt x 237.13594pt>
>>>>>>> 02886994131200f8e184a07292735ceb66ac6c2d
File: images/carbo.png Graphic file (type png)
<use images/carbo.png>
Package pdftex.def Info: images/carbo.png  used on input line 214.
(pdftex.def)             Requested size: 383.93343pt x 237.13535pt.

LaTeX Warning: `h' float specifier changed to `ht'.


Underfull \hbox (badness 10000) in paragraph at lines 219--220

 []

<<<<<<< HEAD
<images/calor.png, id=141, 383.93437pt x 237.13594pt>
=======
<images/calor.png, id=126, 383.93437pt x 237.13594pt>
>>>>>>> 02886994131200f8e184a07292735ceb66ac6c2d
File: images/calor.png Graphic file (type png)
<use images/calor.png>
Package pdftex.def Info: images/calor.png  used on input line 223.
(pdftex.def)             Requested size: 383.93343pt x 237.13535pt.

LaTeX Warning: `h' float specifier changed to `ht'.


Underfull \hbox (badness 10000) in paragraph at lines 228--229

 []

<<<<<<< HEAD
<images/pgc.png, id=143, 383.93437pt x 237.13594pt>
=======
<images/pgc.png, id=128, 383.93437pt x 237.13594pt>
>>>>>>> 02886994131200f8e184a07292735ceb66ac6c2d
File: images/pgc.png Graphic file (type png)
<use images/pgc.png>
Package pdftex.def Info: images/pgc.png  used on input line 232.
(pdftex.def)             Requested size: 383.93343pt x 237.13535pt.

LaTeX Warning: `h' float specifier changed to `ht'.


Underfull \hbox (badness 10000) in paragraph at lines 237--238

 []

[6pdfTeX warning (ext4): destination with the same identifier (name{figure.2}) 
has been already used, duplicate ignored

\AtBegShi@Output ...ipout \box \AtBeginShipoutBox 
                                                  \fi \fi 
l.238 
       <./images/ident.png>]
Underfull \hbox (badness 10000) in paragraph at lines 245--246

 []


Underfull \hbox (badness 10000) in paragraph at lines 247--248

 []


Underfull \hbox (badness 10000) in paragraph at lines 261--262

 []


Underfull \hbox (badness 10000) in paragraph at lines 263--264

 []

[7pdfTeX warning (ext4): destination with the same identifier (name{figure.3}) 
has been already used, duplicate ignored

\AtBegShi@Output ...ipout \box \AtBeginShipoutBox 
                                                  \fi \fi 
l.264 
       <./images/humed.png>]
Underfull \hbox (badness 10000) in paragraph at lines 265--266

 []


Underfull \hbox (badness 10000) in paragraph at lines 267--268

 []

<<<<<<< HEAD
<images/corr.png, id=161, 383.93437pt x 237.13594pt>
=======
<<<<<<< Updated upstream
<<<<<<< HEAD
<images/corr.png, id=131, 383.93437pt x 237.13594pt>
=======
<<<<<<< Updated upstream
<<<<<<< HEAD
<images/corr.png, id=121, 383.93437pt x 237.13594pt>
=======
<<<<<<< Updated upstream
<<<<<<< HEAD
<images/corr.png, id=99, 383.93437pt x 237.13594pt>
=======
<images/corr.png, id=109, 383.93437pt x 237.13594pt>
>>>>>>> 4bfea6c4a1331cb7784ff0da96dbbbb2f3d0c143
=======
<images/corr.png, id=114, 383.93437pt x 237.13594pt>
>>>>>>> Stashed changes
>>>>>>> 32f29a96c9b9da24efe37d15a5c90148c5ad1a46
=======
<images/corr.png, id=124, 383.93437pt x 237.13594pt>
>>>>>>> Stashed changes
>>>>>>> a6dae224afcdea58ae6408a746c4c153273dce9f
>>>>>>> 02886994131200f8e184a07292735ceb66ac6c2d
File: images/corr.png Graphic file (type png)
 <use images/corr.png>
Package pdftex.def Info: images/corr.png used on input line 271.
=======
<images/corr.png, id=146, 383.93437pt x 237.13594pt>
File: images/corr.png Graphic file (type png)
<use images/corr.png>
Package pdftex.def Info: images/corr.png  used on input line 271.
>>>>>>> Stashed changes
(pdftex.def)             Requested size: 383.93343pt x 237.13535pt.

LaTeX Warning: `h' float specifier changed to `ht'.

(./reduccion-dimension.tex [8pdfTeX warning (ext4): destination with the same i
dentifier (name{figure.4}) has been already used, duplicate ignored

\AtBegShi@Output ...ipout \box \AtBeginShipoutBox 
                                                  \fi \fi 
l.2 \restoregeometry
                     <./images/prote.png>] [9pdfTeX warning (ext4): destination
 with the same identifier (name{figure.5}) has been already used, duplicate ign
ored

\AtBegShi@Output ...ipout \box \AtBeginShipoutBox 
                                                  \fi \fi 
l.2 \restoregeometry
                    pdfTeX warning (ext4): destination with the same identifier
 (name{figure.6}) has been already used, duplicate ignored

\AtBegShi@Output ...ipout \box \AtBeginShipoutBox 
                                                  \fi \fi 
l.2 \restoregeometry
                     <./images/grasa.png> <./images/ceniz.png>] [10pdfTeX warni
ng (ext4): destination with the same identifier (name{figure.7}) has been alrea
dy used, duplicate ignored

\AtBegShi@Output ...ipout \box \AtBeginShipoutBox 
                                                  \fi \fi 
l.2 \restoregeometry
                    pdfTeX warning (ext4): destination with the same identifier
 (name{figure.8}) has been already used, duplicate ignored

\AtBegShi@Output ...ipout \box \AtBeginShipoutBox 
                                                  \fi \fi 
l.2 \restoregeometry
                     <./images/sodio.png> <./images/carbo.png>] [11pdfTeX warni
ng (ext4): destination with the same identifier (name{figure.9}) has been alrea
dy used, duplicate ignored

\AtBegShi@Output ...ipout \box \AtBeginShipoutBox 
                                                  \fi \fi 
l.2 \restoregeometry
                    pdfTeX warning (ext4): destination with the same identifier
 (name{figure.10}) has been already used, duplicate ignored

\AtBegShi@Output ...ipout \box \AtBeginShipoutBox 
                                                  \fi \fi 
l.2 \restoregeometry
                     <./images/calor.png> <./images/pgc.png>] [12pdfTeX warning
 (ext4): destination with the same identifier (name{figure.11}) has been alread
y used, duplicate ignored

\AtBegShi@Output ...ipout \box \AtBeginShipoutBox 
                                                  \fi \fi 
l.2 \restoregeometry
                     <./images/corr.png (PNG copy)>]
LaTeX Font Info:    Try loading font information for T1+cmss on input line 9.

<<<<<<< Updated upstream
(c:/texlive/2016/texmf-dist/tex/latex/base/t1cmss.fd
File: t1cmss.fd 2014/09/29 v2.5h Standard LaTeX font definitions
)
<<<<<<< HEAD
<images/varPCA.png, id=191, 639.13782pt x 551.81157pt>
=======
<<<<<<< HEAD
<images/varPCA.png, id=160, 639.13782pt x 551.81157pt>
=======
<images/varPCA.png, id=150, 639.13782pt x 551.81157pt>
=======
\AtBegShi@Output ...ipout \box \AtBeginShipoutBox 
                                                  \fi \fi 
l.2 \restoregeometry
                     <./images/pgc.png> <./images/corr.png (PNG copy)>]
LaTeX Font Info:    Try loading font information for T1+cmss on input line 9.

(/usr/share/texlive/texmf-dist/tex/latex/base/t1cmss.fd
File: t1cmss.fd 2014/09/29 v2.5h Standard LaTeX font definitions
)
<<<<<<< Updated upstream
<images/varPCA.png, id=146, 639.13782pt x 551.81157pt>
>>>>>>> 32f29a96c9b9da24efe37d15a5c90148c5ad1a46
=======
<images/varPCA.png, id=156, 639.13782pt x 551.81157pt>
>>>>>>> Stashed changes
>>>>>>> a6dae224afcdea58ae6408a746c4c153273dce9f
=======
(/usr/share/texlive/texmf-dist/tex/latex/base/t1cmss.fd
File: t1cmss.fd 2014/09/29 v2.5h Standard LaTeX font definitions
)
<images/varPCA.png, id=176, 639.13782pt x 551.81157pt>
>>>>>>> Stashed changes
>>>>>>> 02886994131200f8e184a07292735ceb66ac6c2d
File: images/varPCA.png Graphic file (type png)
<use images/varPCA.png>
Package pdftex.def Info: images/varPCA.png  used on input line 34.
(pdftex.def)             Requested size: 319.56813pt x 275.9051pt.


LaTeX Warning: `h' float specifier changed to `ht'.

<<<<<<< HEAD
<images/biplotPCA.png, id=193, 602.25pt x 519.44063pt>
=======
<<<<<<< Updated upstream
<<<<<<< HEAD
<images/biplotPCA.png, id=162, 602.25pt x 519.44063pt>
=======
<<<<<<< Updated upstream
<<<<<<< HEAD
<images/biplotPCA.png, id=152, 602.25pt x 519.44063pt>
>>>>>>> a6dae224afcdea58ae6408a746c4c153273dce9f
>>>>>>> 02886994131200f8e184a07292735ceb66ac6c2d
File: images/biplotPCA.png Graphic file (type png)

<use images/biplotPCA.png>
Package pdftex.def Info: images/biplotPCA.png used on input line 47.
(pdftex.def)             Requested size: 451.68639pt x 389.57951pt.


LaTeX Warning: `h' float specifier changed to `ht'.

[13
<<<<<<< HEAD
=======
=======
)
Package atveryend Info: Empty hook `BeforeClearDocument' on input line 288.
 [13
=======
<images/biplotPCA.png, id=148, 602.25pt x 519.44063pt>
=======
<images/biplotPCA.png, id=158, 602.25pt x 519.44063pt>
>>>>>>> Stashed changes
=======
<images/biplotPCA.png, id=178, 602.25pt x 519.44063pt>
>>>>>>> Stashed changes
File: images/biplotPCA.png Graphic file (type png)
<use images/biplotPCA.png>
Package pdftex.def Info: images/biplotPCA.png  used on input line 47.
(pdftex.def)             Requested size: 451.68639pt x 389.57951pt.
>>>>>>> a6dae224afcdea58ae6408a746c4c153273dce9f
>>>>>>> 02886994131200f8e184a07292735ceb66ac6c2d

pdfTeX warning (ext4): destination with the same identifier (name{table.1}) has
 been already used, duplicate ignored

<<<<<<< HEAD
=======
<<<<<<< Updated upstream
<<<<<<< HEAD
>>>>>>> 02886994131200f8e184a07292735ceb66ac6c2d
\AtBegShi@Output ...ipout \box \AtBeginShipoutBox 
                                                  \fi \fi 
l.53 \restoregeometry
                     ] [14pdfTeX warning (ext4): destination with the same iden
tifier (name{figure.12}) has been already used, duplicate ignored
<<<<<<< HEAD
=======
=======
<<<<<<< Updated upstream
)
Package atveryend Info: Empty hook `BeforeClearDocument' on input line 260.
 [12
>>>>>>> 32f29a96c9b9da24efe37d15a5c90148c5ad1a46
=======
[12
>>>>>>> Stashed changes
>>>>>>> a6dae224afcdea58ae6408a746c4c153273dce9f
=======
[13
>>>>>>> Stashed changes
>>>>>>> 02886994131200f8e184a07292735ceb66ac6c2d

\AtBegShi@Output ...ipout \box \AtBeginShipoutBox 
                                                  \fi \fi 
l.53 \restoregeometry
                      <./images/varPCA.png (PNG copy)>] [15pdfTeX warning (ext4
): destination with the same identifier (name{figure.13}) has been already used
, duplicate ignored

\AtBegShi@Output ...ipout \box \AtBeginShipoutBox 
                                                  \fi \fi 
l.53 \restoregeometry
                      <./images/biplotPCA.png (PNG copy)>] [16

pdfTeX warning (ext4): destination with the same identifier (name{table.2}) has
 been already used, duplicate ignored

\AtBegShi@Output ...ipout \box \AtBeginShipoutBox 
                                                  \fi \fi 
<<<<<<< HEAD
=======
<<<<<<< Updated upstream
<<<<<<< HEAD
>>>>>>> 02886994131200f8e184a07292735ceb66ac6c2d
l.103 
      pdfTeX warning (ext4): destination with the same identifier (name{table.3
}) has been already used, duplicate ignored

\AtBegShi@Output ...ipout \box \AtBeginShipoutBox 
                                                  \fi \fi 
l.103 
      ] <images/biplotFactores.png, id=226, 602.25pt x 519.44063pt>
File: images/biplotFactores.png Graphic file (type png)

<use images/biplotFactores.png>
Package pdftex.def Info: images/biplotFactores.png used on input line 110.
(pdftex.def)             Requested size: 451.68639pt x 389.57951pt.
) (./analisis-agrupacion.tex [17pdfTeX warning (ext4): destination with the sam
e identifier (name{figure.14}) has been already used, duplicate ignored

\AtBegShi@Output ...ipout \box \AtBeginShipoutBox 
                                                  \fi \fi 
<<<<<<< HEAD
l.2 \restoregeometry
                     <./images/biplotFactores.png (PNG copy)>]
<images/clusterElbow.png, id=233, 451.6875pt x 335.75438pt>
File: images/clusterElbow.png Graphic file (type png)

<use images/clusterElbow.png>
Package pdftex.def Info: images/clusterElbow.png used on input line 15.
(pdftex.def)             Requested size: 225.84319pt x 167.87677pt.

<images/clusterSilhouette.png, id=235, 451.6875pt x 335.75438pt>
File: images/clusterSilhouette.png Graphic file (type png)

<use images/clusterSilhouette.png>
Package pdftex.def Info: images/clusterSilhouette.png used on input line 26.
(pdftex.def)             Requested size: 225.84319pt x 167.87677pt.


LaTeX Warning: `h' float specifier changed to `ht'.

[18

pdfTeX warning (ext4): destination with the same identifier (name{figure.15}) h
as been already used, duplicate ignored

\AtBegShi@Output ...ipout \box \AtBeginShipoutBox 
                                                  \fi \fi 
l.32 \subsection
                {Asignación de clusters} <./images/clusterElbow.png (PNG copy)
>] <images/clusterPCA.png, id=243, 602.25pt x 447.92343pt>
File: images/clusterPCA.png Graphic file (type png)
=======
<<<<<<< HEAD
l.286 \end{document}
                     <./images/biplotFactores.png (PNG copy)>] [18]
Package atveryend Info: Empty hook `AfterLastShipout' on input line 286.
=======
l.288 \end{document}
                     <./images/biplotPCA.png (PNG copy)>]
Package atveryend Info: Empty hook `AfterLastShipout' on input line 288.
=======
=======
>>>>>>> Stashed changes
l.53 \restoregeometry
                     ] [14pdfTeX warning (ext4): destination with the same iden
tifier (name{figure.12}) has been already used, duplicate ignored

\AtBegShi@Output ...ipout \box \AtBeginShipoutBox 
                                                  \fi \fi 
l.53 \restoregeometry
                      <./images/varPCA.png (PNG copy)>] [15pdfTeX warning (ext4
): destination with the same identifier (name{figure.13}) has been already used
, duplicate ignored

\AtBegShi@Output ...ipout \box \AtBeginShipoutBox 
                                                  \fi \fi 
l.53 \restoregeometry
                      <./images/biplotPCA.png (PNG copy)>] [16
>>>>>>> 02886994131200f8e184a07292735ceb66ac6c2d

<use images/clusterPCA.png>
Package pdftex.def Info: images/clusterPCA.png used on input line 38.
(pdftex.def)             Requested size: 451.68639pt x 335.94174pt.


LaTeX Warning: `h' float specifier changed to `ht'.

<images/clusterFactores.png, id=244, 602.25pt x 447.92343pt>
File: images/clusterFactores.png Graphic file (type png)

<use images/clusterFactores.png>
Package pdftex.def Info: images/clusterFactores.png used on input line 46.
(pdftex.def)             Requested size: 451.68639pt x 335.94174pt.


LaTeX Warning: `h' float specifier changed to `ht'.

) [19pdfTeX warning (ext4): destination with the same identifier (name{figure.1
6}) has been already used, duplicate ignored

\AtBegShi@Output ...ipout \box \AtBeginShipoutBox 
                                                  \fi \fi 
l.282 \section
              {Regresión Multivariada} <./images/clusterSilhouette.png (PNG co
py)>]
Underfull \hbox (badness 10000) in paragraph at lines 284--285

 []


Underfull \hbox (badness 10000) in paragraph at lines 286--287

 []


Underfull \hbox (badness 10000) in paragraph at lines 288--289

 []


Underfull \hbox (badness 10000) in paragraph at lines 290--291

 []


Underfull \hbox (badness 10000) in paragraph at lines 292--293

 []

[20pdfTeX warning (ext4): destination with the same identifier (name{figure.17}
) has been already used, duplicate ignored

\AtBegShi@Output ...ipout \box \AtBeginShipoutBox 
                                                  \fi \fi 
<<<<<<< HEAD
l.293 
       <./images/clusterPCA.png (PNG copy)>]
Underfull \hbox (badness 10000) in paragraph at lines 294--295

 []


Underfull \hbox (badness 10000) in paragraph at lines 299--300

 []


Underfull \hbox (badness 10000) in paragraph at lines 301--302

 []

[21pdfTeX warning (ext4): destination with the same identifier (name{figure.18}
) has been already used, duplicate ignored

\AtBegShi@Output ...ipout \box \AtBeginShipoutBox 
                                                  \fi \fi 
l.302 
       <./images/clusterFactores.png (PNG copy)>]
Package atveryend Info: Empty hook `BeforeClearDocument' on input line 309.
 [22]
Package atveryend Info: Empty hook `AfterLastShipout' on input line 309.
=======
l.103 
      ]
<images/biplotFactores.png, id=211, 602.25pt x 519.44063pt>
File: images/biplotFactores.png Graphic file (type png)
<use images/biplotFactores.png>
Package pdftex.def Info: images/biplotFactores.png  used on input line 110.
(pdftex.def)             Requested size: 451.68639pt x 389.57951pt.
) (./analisis-agrupacion.tex [17pdfTeX warning (ext4): destination with the sam
e identifier (name{figure.14}) has been already used, duplicate ignored

\AtBegShi@Output ...ipout \box \AtBeginShipoutBox 
                                                  \fi \fi 
<<<<<<< Updated upstream
l.260 \end{document}
                     <./images/biplotFactores.png (PNG copy)>] [17]
Package atveryend Info: Empty hook `AfterLastShipout' on input line 260.
>>>>>>> Stashed changes
>>>>>>> a6dae224afcdea58ae6408a746c4c153273dce9f
=======
l.2 \restoregeometry
                     <./images/biplotFactores.png (PNG copy)>]
<images/clusterElbow.png, id=218, 451.6875pt x 335.75438pt>
File: images/clusterElbow.png Graphic file (type png)
<use images/clusterElbow.png>
Package pdftex.def Info: images/clusterElbow.png  used on input line 15.
(pdftex.def)             Requested size: 225.84319pt x 167.87677pt.
<images/clusterSilhouette.png, id=220, 451.6875pt x 335.75438pt>
File: images/clusterSilhouette.png Graphic file (type png)
<use images/clusterSilhouette.png>
Package pdftex.def Info: images/clusterSilhouette.png  used on input line 26.
(pdftex.def)             Requested size: 225.84319pt x 167.87677pt.


LaTeX Warning: `h' float specifier changed to `ht'.

[18

pdfTeX warning (ext4): destination with the same identifier (name{figure.15}) h
as been already used, duplicate ignored

\AtBegShi@Output ...ipout \box \AtBeginShipoutBox 
                                                  \fi \fi 
l.32 \subsection
                {Asignación de clusters} <./images/clusterElbow.png (PNG copy)
>]
<images/clusterPCA.png, id=228, 602.25pt x 447.92343pt>
File: images/clusterPCA.png Graphic file (type png)
<use images/clusterPCA.png>
Package pdftex.def Info: images/clusterPCA.png  used on input line 38.
(pdftex.def)             Requested size: 451.68639pt x 335.94174pt.


LaTeX Warning: `h' float specifier changed to `ht'.

<images/clusterFactores.png, id=229, 602.25pt x 447.92343pt>
File: images/clusterFactores.png Graphic file (type png)
<use images/clusterFactores.png>
Package pdftex.def Info: images/clusterFactores.png  used on input line 46.
(pdftex.def)             Requested size: 451.68639pt x 335.94174pt.

LaTeX Warning: `h' float specifier changed to `ht'.

) (./clasificacion.tex [19pdfTeX warning (ext4): destination with the same iden
tifier (name{figure.16}) has been already used, duplicate ignored

\AtBegShi@Output ...ipout \box \AtBeginShipoutBox 
                                                  \fi \fi 
l.2 \restoregeometry
                     <./images/clusterSilhouette.png (PNG copy)>] [20pdfTeX war
ning (ext4): destination with the same identifier (name{figure.17}) has been al
ready used, duplicate ignored

\AtBegShi@Output ...ipout \box \AtBeginShipoutBox 
                                                  \fi \fi 
l.2 \restoregeometry
                     <./images/clusterPCA.png (PNG copy)>] [21pdfTeX warning (e
xt4): destination with the same identifier (name{figure.18}) has been already u
sed, duplicate ignored

\AtBegShi@Output ...ipout \box \AtBeginShipoutBox 
                                                  \fi \fi 
l.2 \restoregeometry
                     <./images/clusterFactores.png (PNG copy)>])
Package atveryend Info: Empty hook `BeforeClearDocument' on input line 285.
 [22

]
Package atveryend Info: Empty hook `AfterLastShipout' on input line 285.
>>>>>>> Stashed changes
>>>>>>> 02886994131200f8e184a07292735ceb66ac6c2d

(./Proyecto Multivariado.aux
LaTeX Info: Redefining \. on input line 22.
LaTeX Info: Redefining \% on input line 22.
)
<<<<<<< HEAD
Package atveryend Info: Executing hook `AtVeryEndDocument' on input line 309.
Package atveryend Info: Executing hook `AtEndAfterFileList' on input line 309.
Package rerunfilecheck Info: File `"Proyecto Multivariado".out' has not changed
.
(rerunfilecheck)             Checksum: 064B001588ECBBFEA18662061E07D910;1143.
Package atveryend Info: Empty hook `AtVeryVeryEnd' on input line 309.
=======
<<<<<<< Updated upstream
Package atveryend Info: Executing hook `AtVeryEndDocument' on input line 286.
Package atveryend Info: Executing hook `AtEndAfterFileList' on input line 286.
Package rerunfilecheck Info: File `"Proyecto Multivariado".out' has not changed
.
<<<<<<< HEAD
(rerunfilecheck)             Checksum: 15EE6B6B103D677232634AF44D82A493;736.
Package atveryend Info: Empty hook `AtVeryVeryEnd' on input line 286.
=======
<<<<<<< Updated upstream
<<<<<<< HEAD
(rerunfilecheck)             Checksum: C2330CADB4AA20349B61EF0CF6DD3E6B;561.
=======
Package atveryend Info: Executing hook `AtVeryEndDocument' on input line 285.
Package atveryend Info: Executing hook `AtEndAfterFileList' on input line 285.
>>>>>>> Stashed changes


Package rerunfilecheck Warning: File `"Proyecto Multivariado".out' has changed.

<<<<<<< Updated upstream
Package atveryend Info: Empty hook `AtVeryVeryEnd' on input line 288.
=======
<<<<<<< Updated upstream
<<<<<<< HEAD
(rerunfilecheck)             Checksum: 73ED60A7EC4CC4A1B34543AADBFF2A75;296.
Package atveryend Info: Empty hook `AtVeryVeryEnd' on input line 259.
>>>>>>> 32f29a96c9b9da24efe37d15a5c90148c5ad1a46
>>>>>>> a6dae224afcdea58ae6408a746c4c153273dce9f
>>>>>>> 02886994131200f8e184a07292735ceb66ac6c2d
 ) 
Here is how much of TeX's memory you used:
 12555 strings out of 493013
 180905 string characters out of 6136993
 345894 words of memory out of 5000000
 15760 multiletter control sequences out of 15000+600000
 18124 words of font info for 51 fonts, out of 8000000 for 9000
 1141 hyphenation exceptions out of 8191
 46i,9n,37p,2012b,384s stack positions out of 5000i,500n,10000p,200000b,80000s
{c:/texlive/2016/texmf-dist/fonts/enc/dvips/cm-super/cm-super-t1.enc}<c:/texl
ive/2016/texmf-dist/fonts/type1/public/amsfonts/cm/cmmi12.pfb><c:/texlive/2016/
texmf-dist/fonts/type1/public/amsfonts/cm/cmmi8.pfb><c:/texlive/2016/texmf-dist
/fonts/type1/public/amsfonts/cm/cmr12.pfb><c:/texlive/2016/texmf-dist/fonts/typ
e1/public/amsfonts/cm/cmr8.pfb><c:/texlive/2016/texmf-dist/fonts/type1/public/a
msfonts/cm/cmsy10.pfb><c:/texlive/2016/texmf-dist/fonts/type1/public/amsfonts/c
m/cmsy8.pfb><c:/texlive/2016/texmf-dist/fonts/type1/public/cm-super/sfbx1200.pf
b><c:/texlive/2016/texmf-dist/fonts/type1/public/cm-super/sfbx1440.pfb><c:/texl
ive/2016/texmf-dist/fonts/type1/public/cm-super/sfbx1728.pfb><c:/texlive/2016/t
exmf-dist/fonts/type1/public/cm-super/sfcc1200.pfb><c:/texlive/2016/texmf-dist/
fonts/type1/public/cm-super/sfrm1200.pfb><c:/texlive/2016/texmf-dist/fonts/type
1/public/cm-super/sfss1200.pfb><c:/texlive/2016/texmf-dist/fonts/type1/public/c
m-super/sfti1200.pfb><c:/texlive/2016/texmf-dist/fonts/type1/public/cm-super/sf
tt1200.pfb>
<<<<<<< HEAD
Output written on "Proyecto Multivariado.pdf" (22 pages, 718333 bytes).
PDF statistics:
 329 PDF objects out of 1000 (max. 8388607)
 257 compressed objects within 3 object streams
 61 named destinations out of 1000 (max. 500000)
 229 words of extra memory for PDF output out of 10000 (max. 10000000)
=======
Output written on "Proyecto Multivariado.pdf" (11 pages, 212532 bytes).
PDF statistics:
 162 PDF objects out of 1000 (max. 8388607)
 117 compressed objects within 2 object streams
 29 named destinations out of 1000 (max. 500000)
 106 words of extra memory for PDF output out of 10000 (max. 10000000)
=======
(rerunfilecheck)             Checksum: DD9AA321283322BAA7853603DDF659FF;489.
=======
(rerunfilecheck)             Checksum: C2330CADB4AA20349B61EF0CF6DD3E6B;561.
>>>>>>> Stashed changes
=======
(rerunfilecheck)             Checksum: 15EE6B6B103D677232634AF44D82A493;736.
>>>>>>> Stashed changes
Package atveryend Info: Empty hook `AtVeryVeryEnd' on input line 260.
=======
(rerunfilecheck)                Rerun to get outlines right
(rerunfilecheck)                or use package `bookmark'.

Package rerunfilecheck Info: Checksums for `"Proyecto Multivariado".out':
(rerunfilecheck)             Before: 33291F702D8F0CB3D26A0ABF495A32C5;964
(rerunfilecheck)             After:  ECDE88C9EBA51BC6ED2B1EBB28CE248A;1078.
Package atveryend Info: Empty hook `AtVeryVeryEnd' on input line 285.
>>>>>>> Stashed changes
 ) 
Here is how much of TeX's memory you used:
 12399 strings out of 494487
 181924 string characters out of 6174924
 355439 words of memory out of 5000000
 15713 multiletter control sequences out of 15000+600000
 18124 words of font info for 51 fonts, out of 8000000 for 9000
 62 hyphenation exceptions out of 8191
 45i,9n,37p,2062b,359s stack positions out of 5000i,500n,10000p,200000b,80000s
 </home/rolando/.texlive2018/texmf-var/fonts/pk/ljfour/jknappen/ec/ecss1200.6
00pk> </home/rolando/.texlive2018/texmf-var/fonts/pk/ljfour/jknappen/ec/ecbx144
0.600pk> </home/rolando/.texlive2018/texmf-var/fonts/pk/ljfour/jknappen/ec/ectt
1200.600pk> </home/rolando/.texlive2018/texmf-var/fonts/pk/ljfour/jknappen/ec/e
cti1200.600pk> </home/rolando/.texlive2018/texmf-var/fonts/pk/ljfour/jknappen/e
c/ecrm1200.600pk> </home/rolando/.texlive2018/texmf-var/fonts/pk/ljfour/jknappe
n/ec/ecbx1200.600pk> </home/rolando/.texlive2018/texmf-var/fonts/pk/ljfour/jkna
ppen/ec/ecbx1728.600pk> </home/rolando/.texlive2018/texmf-var/fonts/pk/ljfour/j
knappen/ec/eccc1200.600pk></usr/share/texlive/texmf-dist/fonts/type1/public/ams
fonts/cm/cmmi12.pfb></usr/share/texlive/texmf-dist/fonts/type1/public/amsfonts/
cm/cmr12.pfb></usr/share/texlive/texmf-dist/fonts/type1/public/amsfonts/cm/cmr8
.pfb></usr/share/texlive/texmf-dist/fonts/type1/public/amsfonts/cm/cmsy10.pfb><
/usr/share/texlive/texmf-dist/fonts/type1/public/amsfonts/cm/cmsy8.pfb>
Output written on "Proyecto Multivariado.pdf" (22 pages, 641030 bytes).
PDF statistics:
<<<<<<< Updated upstream
<<<<<<< Updated upstream
<<<<<<< Updated upstream
 451 PDF objects out of 1000 (max. 8388607)
 154 compressed objects within 2 object streams
 36 named destinations out of 1000 (max. 500000)
 132 words of extra memory for PDF output out of 10000 (max. 10000000)
>>>>>>> 4bfea6c4a1331cb7784ff0da96dbbbb2f3d0c143
=======
 474 PDF objects out of 1000 (max. 8388607)
 169 compressed objects within 2 object streams
 38 named destinations out of 1000 (max. 500000)
 140 words of extra memory for PDF output out of 10000 (max. 10000000)
>>>>>>> Stashed changes
>>>>>>> 32f29a96c9b9da24efe37d15a5c90148c5ad1a46
=======
 524 PDF objects out of 1000 (max. 8388607)
 204 compressed objects within 3 object streams
 46 named destinations out of 1000 (max. 500000)
 161 words of extra memory for PDF output out of 10000 (max. 10000000)
>>>>>>> Stashed changes
>>>>>>> a6dae224afcdea58ae6408a746c4c153273dce9f
=======
 599 PDF objects out of 1000 (max. 8388607)
 247 compressed objects within 3 object streams
 60 named destinations out of 1000 (max. 500000)
 205 words of extra memory for PDF output out of 10000 (max. 10000000)
>>>>>>> Stashed changes
>>>>>>> 02886994131200f8e184a07292735ceb66ac6c2d

